[debug] [2022-10-23T11:59:47.596Z] ----------------------------------------------------------------------
[debug] [2022-10-23T11:59:47.600Z] Command:       C:\Program Files\nodejs\node.exe C:\Users\thbru\AppData\Roaming\npm\node_modules\firebase-tools\lib\bin\firebase.js emulators:start
[debug] [2022-10-23T11:59:47.600Z] CLI Version:   11.8.1
[debug] [2022-10-23T11:59:47.600Z] Platform:      win32
[debug] [2022-10-23T11:59:47.601Z] Node Version:  v16.17.0
[debug] [2022-10-23T11:59:47.602Z] Time:          Sun Oct 23 2022 13:59:47 GMT+0200 (Central European Summer Time)
[debug] [2022-10-23T11:59:47.603Z] ----------------------------------------------------------------------
[debug] 
[debug] [2022-10-23T11:59:47.729Z] > command requires scopes: ["email","openid","https://www.googleapis.com/auth/cloudplatformprojects.readonly","https://www.googleapis.com/auth/firebase","https://www.googleapis.com/auth/cloud-platform"]
[debug] [2022-10-23T11:59:47.729Z] > authorizing via signed-in user (thbrune85@gmail.com)
[debug] [2022-10-23T11:59:47.944Z] java version "18.0.2.1" 2022-08-18
Java(TM) SE Runtime Environment (build 18.0.2.1+1-1)

[debug] [2022-10-23T11:59:47.945Z] Java HotSpot(TM) 64-Bit Server VM (build 18.0.2.1+1-1, mixed mode, sharing)

[debug] [2022-10-23T11:59:47.971Z] Parsed Java major version: 18
[info] i  emulators: Starting emulators: auth, functions, firestore, hosting {"metadata":{"emulator":{"name":"hub"},"message":"Starting emulators: auth, functions, firestore, hosting"}}
[warn] !  emulators: It seems that you are running multiple instances of the emulator suite for project react-firebase-app-18f5a. This may result in unexpected behavior. 
[debug] [2022-10-23T11:59:47.994Z] [hub] writing locator at C:\Users\thbru\AppData\Local\Temp\hub-react-firebase-app-18f5a.json
[warn] !  functions: The following emulators are not running, calls to these services from the Functions emulator will affect production: database, pubsub, storage, eventarc {"metadata":{"emulator":{"name":"functions"},"message":"The following emulators are not running, calls to these services from the Functions emulator will affect production: \u001b[1mdatabase, pubsub, storage, eventarc\u001b[22m"}}
[info] +  functions: Using node@16 from host. {"metadata":{"emulator":{"name":"functions"},"message":"Using node@16 from host."}}
[debug] [2022-10-23T11:59:48.047Z] defaultcredentials: writing to file C:\Users\thbru\AppData\Roaming\firebase\thbrune85_gmail_com_application_default_credentials.json
[debug] [2022-10-23T11:59:48.049Z] Setting GAC to C:\Users\thbru\AppData\Roaming\firebase\thbrune85_gmail_com_application_default_credentials.json {"metadata":{"emulator":{"name":"functions"},"message":"Setting GAC to C:\\Users\\thbru\\AppData\\Roaming\\firebase\\thbrune85_gmail_com_application_default_credentials.json"}}
[debug] [2022-10-23T11:59:48.051Z] > refreshing access token with scopes: []
[debug] [2022-10-23T11:59:48.054Z] >>> [apiv2][query] POST https://www.googleapis.com/oauth2/v3/token [none]
[debug] [2022-10-23T11:59:48.055Z] >>> [apiv2][body] POST https://www.googleapis.com/oauth2/v3/token [omitted]
[debug] [2022-10-23T11:59:48.203Z] <<< [apiv2][status] POST https://www.googleapis.com/oauth2/v3/token 200
[debug] [2022-10-23T11:59:48.203Z] <<< [apiv2][body] POST https://www.googleapis.com/oauth2/v3/token [omitted]
[debug] [2022-10-23T11:59:48.217Z] >>> [apiv2][query] GET https://firebase.googleapis.com/v1beta1/projects/react-firebase-app-18f5a/adminSdkConfig [none]
[debug] [2022-10-23T11:59:48.524Z] <<< [apiv2][status] GET https://firebase.googleapis.com/v1beta1/projects/react-firebase-app-18f5a/adminSdkConfig 200
[debug] [2022-10-23T11:59:48.524Z] <<< [apiv2][body] GET https://firebase.googleapis.com/v1beta1/projects/react-firebase-app-18f5a/adminSdkConfig {"projectId":"react-firebase-app-18f5a","storageBucket":"react-firebase-app-18f5a.appspot.com","locationId":"europe-west"}
[debug] [2022-10-23T11:59:48.568Z] Ignoring unsupported arg: projectId {"metadata":{"emulator":{"name":"firestore"},"message":"Ignoring unsupported arg: projectId"}}
[debug] [2022-10-23T11:59:48.569Z] Ignoring unsupported arg: auto_download {"metadata":{"emulator":{"name":"firestore"},"message":"Ignoring unsupported arg: auto_download"}}
[debug] [2022-10-23T11:59:48.569Z] Starting Firestore Emulator with command {"binary":"java","args":["-Dgoogle.cloud_firestore.debug_log_level=FINE","-Duser.language=en","-jar","C:\\Users\\thbru\\.cache\\firebase\\emulators\\cloud-firestore-emulator-v1.14.4.jar","--host","localhost","--port",8080,"--rules","C:\\Users\\thbru\\Documents\\Coding\\Youtube\\react firebase application\\13\\firestore.rules","--functions_emulator","localhost:5001"],"optionalArgs":["port","webchannel_port","host","rules","functions_emulator","seed_from_export"],"joinArgs":false} {"metadata":{"emulator":{"name":"firestore"},"message":"Starting Firestore Emulator with command {\"binary\":\"java\",\"args\":[\"-Dgoogle.cloud_firestore.debug_log_level=FINE\",\"-Duser.language=en\",\"-jar\",\"C:\\\\Users\\\\thbru\\\\.cache\\\\firebase\\\\emulators\\\\cloud-firestore-emulator-v1.14.4.jar\",\"--host\",\"localhost\",\"--port\",8080,\"--rules\",\"C:\\\\Users\\\\thbru\\\\Documents\\\\Coding\\\\Youtube\\\\react firebase application\\\\13\\\\firestore.rules\",\"--functions_emulator\",\"localhost:5001\"],\"optionalArgs\":[\"port\",\"webchannel_port\",\"host\",\"rules\",\"functions_emulator\",\"seed_from_export\"],\"joinArgs\":false}"}}
[info] i  firestore: Firestore Emulator logging to firestore-debug.log {"metadata":{"emulator":{"name":"firestore"},"message":"Firestore Emulator logging to \u001b[1mfirestore-debug.log\u001b[22m"}}
[debug] [2022-10-23T12:00:02.699Z] >>> [apiv2][query] GET https://firebasehosting.googleapis.com/v1beta1/projects/react-firebase-app-18f5a/sites 
[debug] [2022-10-23T12:00:03.725Z] <<< [apiv2][status] GET https://firebasehosting.googleapis.com/v1beta1/projects/react-firebase-app-18f5a/sites 200
[debug] [2022-10-23T12:00:03.726Z] <<< [apiv2][body] GET https://firebasehosting.googleapis.com/v1beta1/projects/react-firebase-app-18f5a/sites {"sites":[{"name":"projects/react-firebase-app-18f5a/sites/react-firebase-app-18f5a","defaultUrl":"https://react-firebase-app-18f5a.web.app","appId":"1:538146610289:web:84d76cf4da758cbf508fd0","type":"DEFAULT_SITE"}]}
[debug] [2022-10-23T12:00:03.727Z] >>> [apiv2][query] GET https://firebase.googleapis.com/v1beta1/projects/react-firebase-app-18f5a/webApps/1:538146610289:web:84d76cf4da758cbf508fd0/config [none]
[debug] [2022-10-23T12:00:04.595Z] <<< [apiv2][status] GET https://firebase.googleapis.com/v1beta1/projects/react-firebase-app-18f5a/webApps/1:538146610289:web:84d76cf4da758cbf508fd0/config 200
[debug] [2022-10-23T12:00:04.595Z] <<< [apiv2][body] GET https://firebase.googleapis.com/v1beta1/projects/react-firebase-app-18f5a/webApps/1:538146610289:web:84d76cf4da758cbf508fd0/config {"projectId":"react-firebase-app-18f5a","appId":"1:538146610289:web:84d76cf4da758cbf508fd0","storageBucket":"react-firebase-app-18f5a.appspot.com","locationId":"europe-west","apiKey":"AIzaSyAalo_tAK4077P333FMF4OSwYjUwFk-pcM","authDomain":"react-firebase-app-18f5a.firebaseapp.com","messagingSenderId":"538146610289","measurementId":"G-HZN5JF8DCM"}
[info] i  hosting: Serving hosting files from: build {"metadata":{"emulator":{"name":"hosting"},"message":"Serving hosting files from: \u001b[1mbuild\u001b[22m"}}
[info] +  hosting: Local server: http://localhost:5000 {"metadata":{"emulator":{"name":"hosting"},"message":"Local server: \u001b[4m\u001b[1mhttp://localhost:5000\u001b[22m\u001b[24m"}}
[warn] !  ui: Emulator UI unable to start on port 4000, starting on 4002 instead. {"metadata":{"emulator":{"name":"ui"},"message":"Emulator UI unable to start on port 4000, starting on 4002 instead."}}
[debug] [2022-10-23T12:00:04.694Z] Ignoring unsupported arg: auto_download {"metadata":{"emulator":{"name":"ui"},"message":"Ignoring unsupported arg: auto_download"}}
[debug] [2022-10-23T12:00:04.694Z] Ignoring unsupported arg: port {"metadata":{"emulator":{"name":"ui"},"message":"Ignoring unsupported arg: port"}}
[debug] [2022-10-23T12:00:04.695Z] Starting Emulator UI with command {"binary":"node","args":["C:\\Users\\thbru\\.cache\\firebase\\emulators\\ui-v1.9.0\\server\\server.js"],"optionalArgs":[],"joinArgs":false} {"metadata":{"emulator":{"name":"ui"},"message":"Starting Emulator UI with command {\"binary\":\"node\",\"args\":[\"C:\\\\Users\\\\thbru\\\\.cache\\\\firebase\\\\emulators\\\\ui-v1.9.0\\\\server\\\\server.js\"],\"optionalArgs\":[],\"joinArgs\":false}"}}
[info] i  ui: Emulator UI logging to ui-debug.log {"metadata":{"emulator":{"name":"ui"},"message":"Emulator UI logging to \u001b[1mui-debug.log\u001b[22m"}}
[debug] [2022-10-23T12:00:04.958Z] Web / API server started at localhost:4002
 {"metadata":{"emulator":{"name":"ui"},"message":"Web / API server started at localhost:4002\n"}}
[info] i  functions: Watching "C:\Users\thbru\Documents\Coding\Youtube\react firebase application\13\functions" for Cloud Functions... {"metadata":{"emulator":{"name":"functions"},"message":"Watching \"C:\\Users\\thbru\\Documents\\Coding\\Youtube\\react firebase application\\13\\functions\" for Cloud Functions..."}}
[debug] [2022-10-23T12:00:04.977Z] Validating nodejs source
[warn] !  functions: package.json indicates an outdated version of firebase-functions. Please upgrade using npm install --save firebase-functions@latest in your functions directory. 
[warn] !  functions: Please note that there will be breaking changes when you upgrade. 
[debug] [2022-10-23T12:00:09.359Z] > [functions] package.json contents: {
  "name": "functions",
  "description": "Cloud Functions for Firebase",
  "scripts": {
    "serve": "firebase emulators:start --only functions",
    "shell": "firebase functions:shell",
    "start": "npm run shell",
    "deploy": "firebase deploy --only functions",
    "logs": "firebase functions:log"
  },
  "engines": {
    "node": "16"
  },
  "main": "index.js",
  "dependencies": {
    "firebase-admin": "^10.0.2",
    "firebase-functions": "^3.18.0"
  },
  "devDependencies": {
    "firebase-functions-test": "^0.2.0"
  },
  "private": true
}
[debug] [2022-10-23T12:00:09.360Z] Building nodejs source
[debug] [2022-10-23T12:00:09.360Z] Analyzing nodejs backend spec
[debug] [2022-10-23T12:00:09.364Z] Could not find functions.yaml. Must use http discovery
[debug] [2022-10-23T12:00:09.818Z] Serving at port 9005

[debug] [2022-10-23T12:00:09.948Z] Got response from /__/functions.yaml {"endpoints":{"createUserProfil":{"platform":"gcfv1","eventTrigger":{"eventType":"providers/firebase.auth/eventTypes/user.create","eventFilters":{"resource":"projects/react-firebase-app-18f5a"},"retry":false},"labels":{},"entryPoint":"createUserProfil"}},"specVersion":"v1alpha1","requiredAPIs":[]}
[debug] [2022-10-23T12:00:09.962Z] shutdown requested via /__/quitquitquit

[info] +  functions: Loaded functions definitions from source: createUserProfil. {"metadata":{"emulator":{"name":"functions"},"message":"Loaded functions definitions from source: createUserProfil."}}
[debug] [2022-10-23T12:00:09.979Z] addAuthTrigger {"eventTrigger":{"eventType":"providers/firebase.auth/eventTypes/user.create","resource":"projects/react-firebase-app-18f5a"}}
[info] +  functions[us-central1-createUserProfil]: auth function initialized. {"metadata":{"emulator":{"name":"functions"},"message":"\u001b[1mauth\u001b[22m function initialized."}}
[info] 
┌─────────────────────────────────────────────────────────────┐
│ ✔  All emulators ready! It is now safe to connect your app. │
│ i  View Emulator UI at http://localhost:4002                │
└─────────────────────────────────────────────────────────────┘

┌────────────────┬────────────────┬─────────────────────────────────┐
│ Emulator       │ Host:Port      │ View in Emulator UI             │
├────────────────┼────────────────┼─────────────────────────────────┤
│ Authentication │ localhost:9099 │ http://localhost:4002/auth      │
├────────────────┼────────────────┼─────────────────────────────────┤
│ Functions      │ localhost:5001 │ http://localhost:4002/functions │
├────────────────┼────────────────┼─────────────────────────────────┤
│ Firestore      │ localhost:8080 │ http://localhost:4002/firestore │
├────────────────┼────────────────┼─────────────────────────────────┤
│ Hosting        │ localhost:5000 │ n/a                             │
└────────────────┴────────────────┴─────────────────────────────────┘
  Emulator Hub running at localhost:4400
  Other reserved ports: 4500

Issues? Report them at https://github.com/firebase/firebase-tools/issues and attach the *-debug.log files.
 
[debug] [2022-10-24T18:54:44.997Z] ----------------------------------------------------------------------
[debug] [2022-10-24T18:54:45.000Z] Command:       C:\Program Files\nodejs\node.exe C:\Users\thbru\AppData\Roaming\npm\node_modules\firebase-tools\lib\bin\firebase.js emulators:start
[debug] [2022-10-24T18:54:45.000Z] CLI Version:   11.8.1
[debug] [2022-10-24T18:54:45.000Z] Platform:      win32
[debug] [2022-10-24T18:54:45.001Z] Node Version:  v16.17.0
[debug] [2022-10-24T18:54:45.002Z] Time:          Mon Oct 24 2022 20:54:45 GMT+0200 (Central European Summer Time)
[debug] [2022-10-24T18:54:45.002Z] ----------------------------------------------------------------------
[debug] 
[debug] [2022-10-24T18:54:45.006Z] >>> [apiv2][query] GET https://firebase-public.firebaseio.com/cli.json [none]
[debug] [2022-10-24T18:54:45.120Z] > command requires scopes: ["email","openid","https://www.googleapis.com/auth/cloudplatformprojects.readonly","https://www.googleapis.com/auth/firebase","https://www.googleapis.com/auth/cloud-platform"]
[debug] [2022-10-24T18:54:45.121Z] > authorizing via signed-in user (thbrune85@gmail.com)
[debug] [2022-10-24T18:54:45.458Z] <<< [apiv2][status] GET https://firebase-public.firebaseio.com/cli.json 200
[debug] [2022-10-24T18:54:45.459Z] <<< [apiv2][body] GET https://firebase-public.firebaseio.com/cli.json {"cloudBuildErrorAfter":1594252800000,"cloudBuildWarnAfter":1590019200000,"defaultNode10After":1594252800000,"minVersion":"3.0.5","node8DeploysDisabledAfter":1613390400000,"node8RuntimeDisabledAfter":1615809600000,"node8WarnAfter":1600128000000}
[debug] [2022-10-24T18:54:45.473Z] java version "18.0.2.1" 2022-08-18

[debug] [2022-10-24T18:54:45.474Z] Java(TM) SE Runtime Environment (build 18.0.2.1+1-1)
Java HotSpot(TM) 64-Bit Server VM (build 18.0.2.1+1-1, mixed mode, sharing)

[debug] [2022-10-24T18:54:45.499Z] Parsed Java major version: 18
[info] i  emulators: Starting emulators: auth, functions, firestore, hosting {"metadata":{"emulator":{"name":"hub"},"message":"Starting emulators: auth, functions, firestore, hosting"}}
[warn] !  emulators: It seems that you are running multiple instances of the emulator suite for project react-firebase-app-18f5a. This may result in unexpected behavior. 
[debug] [2022-10-24T18:54:45.513Z] [hub] writing locator at C:\Users\thbru\AppData\Local\Temp\hub-react-firebase-app-18f5a.json
[warn] !  functions: The following emulators are not running, calls to these services from the Functions emulator will affect production: database, pubsub, storage, eventarc {"metadata":{"emulator":{"name":"functions"},"message":"The following emulators are not running, calls to these services from the Functions emulator will affect production: \u001b[1mdatabase, pubsub, storage, eventarc\u001b[22m"}}
[info] +  functions: Using node@16 from host. {"metadata":{"emulator":{"name":"functions"},"message":"Using node@16 from host."}}
[debug] [2022-10-24T18:54:45.565Z] defaultcredentials: writing to file C:\Users\thbru\AppData\Roaming\firebase\thbrune85_gmail_com_application_default_credentials.json
[debug] [2022-10-24T18:54:45.566Z] Setting GAC to C:\Users\thbru\AppData\Roaming\firebase\thbrune85_gmail_com_application_default_credentials.json {"metadata":{"emulator":{"name":"functions"},"message":"Setting GAC to C:\\Users\\thbru\\AppData\\Roaming\\firebase\\thbrune85_gmail_com_application_default_credentials.json"}}
[debug] [2022-10-24T18:54:45.568Z] > refreshing access token with scopes: []
[debug] [2022-10-24T18:54:45.569Z] >>> [apiv2][query] POST https://www.googleapis.com/oauth2/v3/token [none]
[debug] [2022-10-24T18:54:45.569Z] >>> [apiv2][body] POST https://www.googleapis.com/oauth2/v3/token [omitted]
[debug] [2022-10-24T18:54:45.715Z] <<< [apiv2][status] POST https://www.googleapis.com/oauth2/v3/token 200
[debug] [2022-10-24T18:54:45.715Z] <<< [apiv2][body] POST https://www.googleapis.com/oauth2/v3/token [omitted]
[debug] [2022-10-24T18:54:45.725Z] >>> [apiv2][query] GET https://firebase.googleapis.com/v1beta1/projects/react-firebase-app-18f5a/adminSdkConfig [none]
[debug] [2022-10-24T18:54:46.110Z] <<< [apiv2][status] GET https://firebase.googleapis.com/v1beta1/projects/react-firebase-app-18f5a/adminSdkConfig 200
[debug] [2022-10-24T18:54:46.111Z] <<< [apiv2][body] GET https://firebase.googleapis.com/v1beta1/projects/react-firebase-app-18f5a/adminSdkConfig {"projectId":"react-firebase-app-18f5a","storageBucket":"react-firebase-app-18f5a.appspot.com","locationId":"europe-west"}
[debug] [2022-10-24T18:54:46.140Z] Ignoring unsupported arg: projectId {"metadata":{"emulator":{"name":"firestore"},"message":"Ignoring unsupported arg: projectId"}}
[debug] [2022-10-24T18:54:46.140Z] Ignoring unsupported arg: auto_download {"metadata":{"emulator":{"name":"firestore"},"message":"Ignoring unsupported arg: auto_download"}}
[debug] [2022-10-24T18:54:46.140Z] Starting Firestore Emulator with command {"binary":"java","args":["-Dgoogle.cloud_firestore.debug_log_level=FINE","-Duser.language=en","-jar","C:\\Users\\thbru\\.cache\\firebase\\emulators\\cloud-firestore-emulator-v1.14.4.jar","--host","localhost","--port",8080,"--rules","C:\\Users\\thbru\\Documents\\Coding\\Youtube\\react firebase application\\13\\firestore.rules","--functions_emulator","localhost:5001"],"optionalArgs":["port","webchannel_port","host","rules","functions_emulator","seed_from_export"],"joinArgs":false} {"metadata":{"emulator":{"name":"firestore"},"message":"Starting Firestore Emulator with command {\"binary\":\"java\",\"args\":[\"-Dgoogle.cloud_firestore.debug_log_level=FINE\",\"-Duser.language=en\",\"-jar\",\"C:\\\\Users\\\\thbru\\\\.cache\\\\firebase\\\\emulators\\\\cloud-firestore-emulator-v1.14.4.jar\",\"--host\",\"localhost\",\"--port\",8080,\"--rules\",\"C:\\\\Users\\\\thbru\\\\Documents\\\\Coding\\\\Youtube\\\\react firebase application\\\\13\\\\firestore.rules\",\"--functions_emulator\",\"localhost:5001\"],\"optionalArgs\":[\"port\",\"webchannel_port\",\"host\",\"rules\",\"functions_emulator\",\"seed_from_export\"],\"joinArgs\":false}"}}
[info] i  firestore: Firestore Emulator logging to firestore-debug.log {"metadata":{"emulator":{"name":"firestore"},"message":"Firestore Emulator logging to \u001b[1mfirestore-debug.log\u001b[22m"}}
[debug] [2022-10-24T18:54:57.365Z] >>> [apiv2][query] GET https://firebasehosting.googleapis.com/v1beta1/projects/react-firebase-app-18f5a/sites 
[debug] [2022-10-24T18:54:58.335Z] <<< [apiv2][status] GET https://firebasehosting.googleapis.com/v1beta1/projects/react-firebase-app-18f5a/sites 200
[debug] [2022-10-24T18:54:58.335Z] <<< [apiv2][body] GET https://firebasehosting.googleapis.com/v1beta1/projects/react-firebase-app-18f5a/sites {"sites":[{"name":"projects/react-firebase-app-18f5a/sites/react-firebase-app-18f5a","defaultUrl":"https://react-firebase-app-18f5a.web.app","appId":"1:538146610289:web:84d76cf4da758cbf508fd0","type":"DEFAULT_SITE"}]}
[debug] [2022-10-24T18:54:58.335Z] >>> [apiv2][query] GET https://firebase.googleapis.com/v1beta1/projects/react-firebase-app-18f5a/webApps/1:538146610289:web:84d76cf4da758cbf508fd0/config [none]
[debug] [2022-10-24T18:54:59.204Z] <<< [apiv2][status] GET https://firebase.googleapis.com/v1beta1/projects/react-firebase-app-18f5a/webApps/1:538146610289:web:84d76cf4da758cbf508fd0/config 200
[debug] [2022-10-24T18:54:59.204Z] <<< [apiv2][body] GET https://firebase.googleapis.com/v1beta1/projects/react-firebase-app-18f5a/webApps/1:538146610289:web:84d76cf4da758cbf508fd0/config {"projectId":"react-firebase-app-18f5a","appId":"1:538146610289:web:84d76cf4da758cbf508fd0","storageBucket":"react-firebase-app-18f5a.appspot.com","locationId":"europe-west","apiKey":"AIzaSyAalo_tAK4077P333FMF4OSwYjUwFk-pcM","authDomain":"react-firebase-app-18f5a.firebaseapp.com","messagingSenderId":"538146610289","measurementId":"G-HZN5JF8DCM"}
[info] i  hosting: Serving hosting files from: build {"metadata":{"emulator":{"name":"hosting"},"message":"Serving hosting files from: \u001b[1mbuild\u001b[22m"}}
[info] +  hosting: Local server: http://localhost:5000 {"metadata":{"emulator":{"name":"hosting"},"message":"Local server: \u001b[4m\u001b[1mhttp://localhost:5000\u001b[22m\u001b[24m"}}
[debug] [2022-10-24T18:54:59.248Z] Ignoring unsupported arg: auto_download {"metadata":{"emulator":{"name":"ui"},"message":"Ignoring unsupported arg: auto_download"}}
[debug] [2022-10-24T18:54:59.248Z] Ignoring unsupported arg: port {"metadata":{"emulator":{"name":"ui"},"message":"Ignoring unsupported arg: port"}}
[debug] [2022-10-24T18:54:59.249Z] Starting Emulator UI with command {"binary":"node","args":["C:\\Users\\thbru\\.cache\\firebase\\emulators\\ui-v1.9.0\\server\\server.js"],"optionalArgs":[],"joinArgs":false} {"metadata":{"emulator":{"name":"ui"},"message":"Starting Emulator UI with command {\"binary\":\"node\",\"args\":[\"C:\\\\Users\\\\thbru\\\\.cache\\\\firebase\\\\emulators\\\\ui-v1.9.0\\\\server\\\\server.js\"],\"optionalArgs\":[],\"joinArgs\":false}"}}
[info] i  ui: Emulator UI logging to ui-debug.log {"metadata":{"emulator":{"name":"ui"},"message":"Emulator UI logging to \u001b[1mui-debug.log\u001b[22m"}}
[debug] [2022-10-24T18:54:59.445Z] Web / API server started at localhost:4000
 {"metadata":{"emulator":{"name":"ui"},"message":"Web / API server started at localhost:4000\n"}}
[info] i  functions: Watching "C:\Users\thbru\Documents\Coding\Youtube\react firebase application\13\functions" for Cloud Functions... {"metadata":{"emulator":{"name":"functions"},"message":"Watching \"C:\\Users\\thbru\\Documents\\Coding\\Youtube\\react firebase application\\13\\functions\" for Cloud Functions..."}}
[debug] [2022-10-24T18:54:59.525Z] Validating nodejs source
[warn] !  functions: package.json indicates an outdated version of firebase-functions. Please upgrade using npm install --save firebase-functions@latest in your functions directory. 
[warn] !  functions: Please note that there will be breaking changes when you upgrade. 
[debug] [2022-10-24T18:55:03.569Z] > [functions] package.json contents: {
  "name": "functions",
  "description": "Cloud Functions for Firebase",
  "scripts": {
    "serve": "firebase emulators:start --only functions",
    "shell": "firebase functions:shell",
    "start": "npm run shell",
    "deploy": "firebase deploy --only functions",
    "logs": "firebase functions:log"
  },
  "engines": {
    "node": "16"
  },
  "main": "index.js",
  "dependencies": {
    "firebase-admin": "^10.0.2",
    "firebase-functions": "^3.18.0"
  },
  "devDependencies": {
    "firebase-functions-test": "^0.2.0"
  },
  "private": true
}
[debug] [2022-10-24T18:55:03.570Z] Building nodejs source
[debug] [2022-10-24T18:55:03.570Z] Analyzing nodejs backend spec
[debug] [2022-10-24T18:55:03.573Z] Could not find functions.yaml. Must use http discovery
[debug] [2022-10-24T18:55:04.103Z] Serving at port 9005

[debug] [2022-10-24T18:55:04.243Z] Got response from /__/functions.yaml {"endpoints":{"createUserProfil":{"platform":"gcfv1","eventTrigger":{"eventType":"providers/firebase.auth/eventTypes/user.create","eventFilters":{"resource":"projects/react-firebase-app-18f5a"},"retry":false},"labels":{},"entryPoint":"createUserProfil"}},"specVersion":"v1alpha1","requiredAPIs":[]}
[debug] [2022-10-24T18:55:04.256Z] shutdown requested via /__/quitquitquit

[info] +  functions: Loaded functions definitions from source: createUserProfil. {"metadata":{"emulator":{"name":"functions"},"message":"Loaded functions definitions from source: createUserProfil."}}
[debug] [2022-10-24T18:55:04.270Z] addAuthTrigger {"eventTrigger":{"eventType":"providers/firebase.auth/eventTypes/user.create","resource":"projects/react-firebase-app-18f5a"}}
[info] +  functions[us-central1-createUserProfil]: auth function initialized. {"metadata":{"emulator":{"name":"functions"},"message":"\u001b[1mauth\u001b[22m function initialized."}}
[info] 
┌─────────────────────────────────────────────────────────────┐
│ ✔  All emulators ready! It is now safe to connect your app. │
│ i  View Emulator UI at http://localhost:4000                │
└─────────────────────────────────────────────────────────────┘

┌────────────────┬────────────────┬─────────────────────────────────┐
│ Emulator       │ Host:Port      │ View in Emulator UI             │
├────────────────┼────────────────┼─────────────────────────────────┤
│ Authentication │ localhost:9099 │ http://localhost:4000/auth      │
├────────────────┼────────────────┼─────────────────────────────────┤
│ Functions      │ localhost:5001 │ http://localhost:4000/functions │
├────────────────┼────────────────┼─────────────────────────────────┤
│ Firestore      │ localhost:8080 │ http://localhost:4000/firestore │
├────────────────┼────────────────┼─────────────────────────────────┤
│ Hosting        │ localhost:5000 │ n/a                             │
└────────────────┴────────────────┴─────────────────────────────────┘
  Emulator Hub running at localhost:4400
  Other reserved ports: 4500

Issues? Report them at https://github.com/firebase/firebase-tools/issues and attach the *-debug.log files.
 
[warn] !  firestore: Fatal error occurred: 
   Firestore Emulator has exited with code: 3221225786, 
   stopping all running emulators {"metadata":{"emulator":{"name":"firestore"},"message":"Fatal error occurred: \n   Firestore Emulator has exited with code: 3221225786, \n   stopping all running emulators"}}
[info] i  ui: Stopping Emulator UI {"metadata":{"emulator":{"name":"ui"},"message":"Stopping Emulator UI"}}
[warn] !  Emulator UI has exited upon receiving signal: SIGINT 
[info] i  functions: Stopping Functions Emulator {"metadata":{"emulator":{"name":"functions"},"message":"Stopping Functions Emulator"}}
[info] i  hosting: Stopping Hosting Emulator {"metadata":{"emulator":{"name":"hosting"},"message":"Stopping Hosting Emulator"}}
[info] i  firestore: Stopping Firestore Emulator {"metadata":{"emulator":{"name":"firestore"},"message":"Stopping Firestore Emulator"}}
[debug] [2022-10-24T18:58:47.790Z] Received signal SIGHUP 1
